2023-09-27 01:31:32,601 INFO com.stationary.store.StoreApplication [main] Starting StoreApplication using Java 17.0.8 with PID 10160 (C:\software\eclipse-workspace\store\target\classes started by sunil in C:\software\eclipse-workspace\store)
2023-09-27 01:31:32,603 INFO com.stationary.store.StoreApplication [main] No active profile set, falling back to 1 default profile: "default"
2023-09-27 01:31:33,103 INFO org.springframework.data.repository.config.RepositoryConfigurationDelegate [main] Bootstrapping Spring Data JPA repositories in DEFAULT mode.
2023-09-27 01:31:33,124 INFO org.springframework.data.repository.config.RepositoryConfigurationDelegate [main] Finished Spring Data repository scanning in 13 ms. Found 0 JPA repository interfaces.
2023-09-27 01:31:33,602 INFO org.springframework.boot.web.embedded.tomcat.TomcatWebServer [main] Tomcat initialized with port(s): 8082 (http)
2023-09-27 01:31:33,611 INFO org.apache.catalina.core.StandardService [main] Starting service [Tomcat]
2023-09-27 01:31:33,611 INFO org.apache.catalina.core.StandardEngine [main] Starting Servlet engine: [Apache Tomcat/10.1.13]
2023-09-27 01:31:33,692 INFO org.apache.catalina.core.ContainerBase.[Tomcat].[localhost].[/store/api] [main] Initializing Spring embedded WebApplicationContext
2023-09-27 01:31:33,693 INFO org.springframework.boot.web.servlet.context.ServletWebServerApplicationContext [main] Root WebApplicationContext: initialization completed in 1049 ms
2023-09-27 01:31:33,724 INFO com.zaxxer.hikari.HikariDataSource [main] HikariPool-1 - Starting...
2023-09-27 01:31:33,880 INFO com.zaxxer.hikari.pool.HikariPool [main] HikariPool-1 - Added connection conn0: url=jdbc:h2:mem:dcbapp user=SA
2023-09-27 01:31:33,881 INFO com.zaxxer.hikari.HikariDataSource [main] HikariPool-1 - Start completed.
2023-09-27 01:31:33,889 INFO org.springframework.boot.autoconfigure.h2.H2ConsoleAutoConfiguration [main] H2 console available at '/h2-console'. Database available at 'jdbc:h2:mem:dcbapp'
2023-09-27 01:31:34,035 INFO org.hibernate.jpa.internal.util.LogHelper [main] HHH000204: Processing PersistenceUnitInfo [name: default]
2023-09-27 01:31:34,082 INFO org.hibernate.Version [main] HHH000412: Hibernate ORM core version 6.2.9.Final
2023-09-27 01:31:34,084 INFO org.hibernate.cfg.Environment [main] HHH000406: Using bytecode reflection optimizer
2023-09-27 01:31:34,193 INFO org.hibernate.bytecode.internal.BytecodeProviderInitiator [main] HHH000021: Bytecode provider name : bytebuddy
2023-09-27 01:31:34,297 INFO org.springframework.orm.jpa.persistenceunit.SpringPersistenceUnitInfo [main] No LoadTimeWeaver setup: ignoring JPA class transformer
2023-09-27 01:31:34,398 INFO org.hibernate.bytecode.internal.BytecodeProviderInitiator [main] HHH000021: Bytecode provider name : bytebuddy
2023-09-27 01:31:34,571 INFO org.hibernate.engine.transaction.jta.platform.internal.JtaPlatformInitiator [main] HHH000490: Using JtaPlatform implementation: [org.hibernate.engine.transaction.jta.platform.internal.NoJtaPlatform]
2023-09-27 01:31:34,577 INFO org.springframework.orm.jpa.LocalContainerEntityManagerFactoryBean [main] Initialized JPA EntityManagerFactory for persistence unit 'default'
2023-09-27 01:31:34,640 WARN org.springframework.boot.autoconfigure.orm.jpa.JpaBaseConfiguration$JpaWebConfiguration [main] spring.jpa.open-in-view is enabled by default. Therefore, database queries may be performed during view rendering. Explicitly configure spring.jpa.open-in-view to disable this warning
2023-09-27 01:31:34,974 INFO org.springframework.boot.web.embedded.tomcat.TomcatWebServer [main] Tomcat started on port(s): 8082 (http) with context path '/store/api'
2023-09-27 01:31:34,984 INFO com.stationary.store.StoreApplication [main] Started StoreApplication in 2.705 seconds (process running for 2.97)
